<?xml version="1.0" encoding="UTF-8" ?>
<testsuite tests="1" failures="0" name="batchRunner.TestRunner" time="7.495" errors="0" skipped="0">
  <properties>
    <property name="java.vendor" value="Oracle Corporation"/>
    <property name="JOB_NAME" value="Cucum30Oct2020"/>
    <property name="RUN_TESTS_DISPLAY_URL" value="http://localhost:9999/job/Cucum30Oct2020/2/display/redirect?page=tests"/>
    <property name="sun.java.launcher" value="SUN_STANDARD"/>
    <property name="NUMBER_OF_PROCESSORS" value="2"/>
    <property name="sun.management.compiler" value="HotSpot 64-Bit Tiered Compilers"/>
    <property name="JENKINS_HOME" value="C:\Jenkins"/>
    <property name="HUDSON_SERVER_COOKIE" value="3fe362985c39e943"/>
    <property name="POM_ARTIFACTID" value="SampleMaven"/>
    <property name="os.name" value="Windows Server 2019"/>
    <property name="sun.boot.class.path" value="C:\Program Files\Java\jdk1.8.0_261\jre\lib\resources.jar;C:\Program Files\Java\jdk1.8.0_261\jre\lib\rt.jar;C:\Program Files\Java\jdk1.8.0_261\jre\lib\sunrsasign.jar;C:\Program Files\Java\jdk1.8.0_261\jre\lib\jsse.jar;C:\Program Files\Java\jdk1.8.0_261\jre\lib\jce.jar;C:\Program Files\Java\jdk1.8.0_261\jre\lib\charsets.jar;C:\Program Files\Java\jdk1.8.0_261\jre\lib\jfr.jar;C:\Program Files\Java\jdk1.8.0_261\jre\classes;C:\Program Files (x86)\Micro Focus\Unified Functional Testing\bin\java_shared\classes\jasmine.jar"/>
    <property name="EXECUTOR_NUMBER" value="0"/>
    <property name="sun.desktop" value="windows"/>
    <property name="PATHEXT" value=".COM;.EXE;.BAT;.CMD;.VBS;.VBE;.JS;.JSE;.WSF;.WSH;.MSC"/>
    <property name="java.vm.specification.vendor" value="Oracle Corporation"/>
    <property name="POM_DISPLAYNAME" value="SampleMaven"/>
    <property name="NODE_LABELS" value="master"/>
    <property name="TEMP" value="C:\Users\TRAINI~1.WIN\AppData\Local\Temp"/>
    <property name="java.runtime.version" value="1.8.0_261-b25"/>
    <property name="ST_INSTALL_PATH" value="C:\Program Files (x86)\Micro Focus\Unified Functional Testing\"/>
    <property name="user.name" value="Training1"/>
    <property name="guice.disable.misplaced.annotation.check" value="true"/>
    <property name="CommonProgramW6432" value="C:\Program Files\Common Files"/>
    <property name="ProgramFiles" value="C:\Program Files"/>
    <property name="PROMPT" value="$P$G"/>
    <property name="user.language" value="en"/>
    <property name="JOB_BASE_NAME" value="Cucum30Oct2020"/>
    <property name="RUN_CHANGES_DISPLAY_URL" value="http://localhost:9999/job/Cucum30Oct2020/2/display/redirect?page=changes"/>
    <property name="BUILD_DISPLAY_NAME" value="#2"/>
    <property name="sun.boot.library.path" value="C:\Program Files\Java\jdk1.8.0_261\jre\bin"/>
    <property name="LOCALAPPDATA" value="C:\Users\Training1.WIN-NFDCINOH1RK\AppData\Local"/>
    <property name="java.version" value="1.8.0_261"/>
    <property name="JAVA_TOOL_OPTIONS" value="-agentlib:jvmhook"/>
    <property name="PROCESSOR_LEVEL" value="6"/>
    <property name="user.timezone" value="UTC"/>
    <property name="USERNAME" value="Training1"/>
    <property name="sun.arch.data.model" value="64"/>
    <property name="NODE_NAME" value="master"/>
    <property name="java.endorsed.dirs" value="C:\Program Files\Java\jdk1.8.0_261\jre\lib\endorsed"/>
    <property name="BUILD_ID" value="2"/>
    <property name="sun.cpu.isalist" value="amd64"/>
    <property name="sun.jnu.encoding" value="Cp1252"/>
    <property name="file.encoding.pkg" value="sun.io"/>
    <property name="file.separator" value="\"/>
    <property name="java.specification.name" value="Java Platform API Specification"/>
    <property name="HOMEDRIVE" value="C:"/>
    <property name="maven.conf" value="C:\Users\Training1\Downloads\apache-maven-3.5.0\conf"/>
    <property name="java.class.version" value="52.0"/>
    <property name="org.slf4j.simpleLogger.defaultLogLevel" value="info"/>
    <property name="user.country" value="US"/>
    <property name="ALLUSERSPROFILE" value="C:\ProgramData"/>
    <property name="java.home" value="C:\Program Files\Java\jdk1.8.0_261\jre"/>
    <property name="java.vm.info" value="mixed mode"/>
    <property name="os.version" value="10.0"/>
    <property name="=ExitCode" value="00000001"/>
    <property name="RUN_DISPLAY_URL" value="http://localhost:9999/job/Cucum30Oct2020/2/display/redirect"/>
    <property name="POM_VERSION" value="0.0.1-SNAPSHOT"/>
    <property name="TMP" value="C:\Users\TRAINI~1.WIN\AppData\Local\Temp"/>
    <property name="RUN_ARTIFACTS_DISPLAY_URL" value="http://localhost:9999/job/Cucum30Oct2020/2/display/redirect?page=artifacts"/>
    <property name="path.separator" value=";"/>
    <property name="java.vm.version" value="25.261-b25"/>
    <property name="user.variant" value=""/>
    <property name="JOB_DISPLAY_URL" value="http://localhost:9999/job/Cucum30Oct2020/display/redirect"/>
    <property name="CommonProgramFiles(x86)" value="C:\Program Files (x86)\Common Files"/>
    <property name="USERDOMAIN_ROAMINGPROFILE" value="EC2AMAZ-0RUQJJM"/>
    <property name="java.awt.printerjob" value="sun.awt.windows.WPrinterJob"/>
    <property name="FP_NO_HOST_CHECK" value="NO"/>
    <property name="JAVA_HOME" value="C:\Program Files\Java\jdk1.8.0_261\"/>
    <property name="sun.io.unicode.encoding" value="UnicodeLittle"/>
    <property name="CommonProgramFiles" value="C:\Program Files\Common Files"/>
    <property name="ComSpec" value="C:\WINDOWS\system32\cmd.exe"/>
    <property name="awt.toolkit" value="sun.awt.windows.WToolkit"/>
    <property name="HOMEPATH" value="\Users\Training1.WIN-NFDCINOH1RK"/>
    <property name="_classload_hook" value="jvmhook"/>
    <property name="POM_PACKAGING" value="jar"/>
    <property name="user.script" value=""/>
    <property name="COMPUTERNAME" value="EC2AMAZ-0RUQJJM"/>
    <property name="POM_GROUPID" value="SampleMaven"/>
    <property name="user.home" value="C:\Users\Training1.WIN-NFDCINOH1RK"/>
    <property name="PUBLIC" value="C:\Users\Public"/>
    <property name="BUILD_TAG" value="jenkins-Cucum30Oct2020-2"/>
    <property name="JENKINS_SERVER_COOKIE" value="3fe362985c39e943"/>
    <property name="HUDSON_URL" value="http://localhost:9999/"/>
    <property name="ProgramData" value="C:\ProgramData"/>
    <property name="java.specification.vendor" value="Oracle Corporation"/>
    <property name="USERPROFILE" value="C:\Users\Training1.WIN-NFDCINOH1RK"/>
    <property name="CLASSPATH" value=""/>
    <property name="java.vendor.url" value="http://java.oracle.com/"/>
    <property name="java.library.path" value="C:\Program Files\Java\jdk1.8.0_261\bin;C:\WINDOWS\Sun\Java\bin;C:\WINDOWS\system32;C:\WINDOWS;C:\Users\Training1\Downloads\apache-maven-3.5.0\/bin;C:\Program Files\Java\jdk1.8.0_261\/bin;C:\Program Files\Java\jdk1.8.0_261\/bin;C:\Program Files (x86)\Common Files\Oracle\Java\javapath;C:\acp-opscode\chef\bin;C:\WINDOWS\system32;C:\WINDOWS;C:\WINDOWS\System32\Wbem;C:\WINDOWS\System32\WindowsPowerShell\v1.0\;C:\Program Files\Amazon\cfn-bootstrap\;C:\Program Files\Java\jdk1.8.0_231\bin;C:\Program Files\Git\cmd;C:\Users\Training1\Downloads\apache-maven-3.5.0\bin;C:\WINDOWS\System32\OpenSSH\;C:\Program Files\nodejs\;C:\ProgramData\chocolatey\bin;C:\Program Files (x86)\Micro Focus\Unified Functional Testing\bin;C:\Users\Training1.WIN-NFDCINOH1RK\AppData\Local\Microsoft\WindowsApps;C:\Users\Training1.WIN-NFDCINOH1RK\AppData\Roaming\npm;."/>
    <property name="java.vm.vendor" value="Oracle Corporation"/>
    <property name="APPDATA" value="C:\Users\Training1.WIN-NFDCINOH1RK\AppData\Roaming"/>
    <property name="java.runtime.name" value="Java(TM) SE Runtime Environment"/>
    <property name="maven.home" value="C:\Users\Training1\Downloads\apache-maven-3.5.0"/>
    <property name="java.class.path" value="C:\Jenkins\plugins\maven-plugin\WEB-INF\lib\maven35-agent-1.13.jar;C:\Users\Training1\Downloads\apache-maven-3.5.0\boot\plexus-classworlds-2.5.2.jar;C:\Users\Training1\Downloads\apache-maven-3.5.0/conf/logging"/>
    <property name="sun.java.command" value="jenkins.maven3.agent.Maven35Main C:\Users\Training1\Downloads\apache-maven-3.5.0\ C:\Jenkins\war\WEB-INF\lib\remoting-4.5.jar C:\Jenkins\plugins\maven-plugin\WEB-INF\lib\maven35-interceptor-1.13.jar C:\Jenkins\plugins\maven-plugin\WEB-INF\lib\maven3-interceptor-commons-1.13.jar 53122"/>
    <property name="Path" value="C:\Program Files\Java\jdk1.8.0_261\/bin;C:\Program Files (x86)\Common Files\Oracle\Java\javapath;C:\acp-opscode\chef\bin;C:\WINDOWS\system32;C:\WINDOWS;C:\WINDOWS\System32\Wbem;C:\WINDOWS\System32\WindowsPowerShell\v1.0\;C:\Program Files\Amazon\cfn-bootstrap\;C:\Program Files\Java\jdk1.8.0_231\bin;C:\Program Files\Git\cmd;C:\Users\Training1\Downloads\apache-maven-3.5.0\bin;C:\WINDOWS\System32\OpenSSH\;C:\Program Files\nodejs\;C:\ProgramData\chocolatey\bin;C:\Program Files (x86)\Micro Focus\Unified Functional Testing\bin;C:\Users\Training1.WIN-NFDCINOH1RK\AppData\Local\Microsoft\WindowsApps;C:\Users\Training1.WIN-NFDCINOH1RK\AppData\Roaming\npm"/>
    <property name="java.vm.specification.name" value="Java Virtual Machine Specification"/>
    <property name="PROCESSOR_ARCHITECTURE" value="AMD64"/>
    <property name="PATH+JDK" value="C:\Program Files\Java\jdk1.8.0_261\/bin"/>
    <property name="PROCESSOR_IDENTIFIER" value="Intel64 Family 6 Model 63 Stepping 2, GenuineIntel"/>
    <property name="java.vm.specification.version" value="1.8"/>
    <property name="MSJAVA_ENABLE_MONITORS" value="1"/>
    <property name="sun.os.patch.level" value=""/>
    <property name="sun.cpu.endian" value="little"/>
    <property name="M2_HOME" value="C:\Users\Training1\Downloads\apache-maven-3.5.0\"/>
    <property name="IBM_JAVA_OPTIONS" value="-Xbootclasspath/a:&quot;C:\Program Files (x86)\Micro Focus\Unified Functional Testing\bin\java_shared\classes\jasmine.jar&quot;"/>
    <property name="java.io.tmpdir" value="C:\Users\TRAINI~1.WIN\AppData\Local\Temp\"/>
    <property name="OS" value="Windows_NT"/>
    <property name="HUDSON_HOME" value="C:\Jenkins"/>
    <property name="PATH+MAVEN" value="C:\Users\Training1\Downloads\apache-maven-3.5.0\/bin"/>
    <property name="ProgramFiles(x86)" value="C:\Program Files (x86)"/>
    <property name="BUILD_URL" value="http://localhost:9999/job/Cucum30Oct2020/2/"/>
    <property name="java.vendor.url.bug" value="http://bugreport.sun.com/bugreport/"/>
    <property name="java.awt.graphicsenv" value="sun.awt.Win32GraphicsEnvironment"/>
    <property name="os.arch" value="amd64"/>
    <property name="SystemRoot" value="C:\WINDOWS"/>
    <property name="java.ext.dirs" value="C:\Program Files\Java\jdk1.8.0_261\jre\lib\ext;C:\WINDOWS\Sun\Java\lib\ext"/>
    <property name="user.dir" value="C:\Users\Training1\eclipse-workspace\SampleMaven"/>
    <property name="_JAVA_OPTIONS" value="-Xrunjvmhook -Xbootclasspath/a:&quot;C:\Program Files (x86)\Micro Focus\Unified Functional Testing\bin\java_shared\classes\jasmine.jar&quot;"/>
    <property name="JOB_URL" value="http://localhost:9999/job/Cucum30Oct2020/"/>
    <property name="LOGONSERVER" value="\\EC2AMAZ-0RUQJJM"/>
    <property name="USERDOMAIN" value="EC2AMAZ-0RUQJJM"/>
    <property name="line.separator" value="
"/>
    <property name="MAVEN_HOME" value="C:\Users\Training1\Downloads\apache-maven-3.5.0\"/>
    <property name="java.vm.name" value="Java HotSpot(TM) 64-Bit Server VM"/>
    <property name="BUILD_NUMBER" value="2"/>
    <property name="JENKINS_URL" value="http://localhost:9999/"/>
    <property name="PROCESSOR_REVISION" value="3f02"/>
    <property name="ProgramW6432" value="C:\Program Files"/>
    <property name="windir" value="C:\WINDOWS"/>
    <property name="=C:" value="C:\Softwares"/>
    <property name="ChocolateyLastPathUpdate" value="132449003225443049"/>
    <property name="file.encoding" value="Cp1252"/>
    <property name="SystemDrive" value="C:"/>
    <property name="maven3.interceptor" value="C:\Jenkins\plugins\maven-plugin\WEB-INF\lib\maven35-interceptor-1.13.jar"/>
    <property name="WORKSPACE_TMP" value="C:\Jenkins\workspace\Cucum30Oct2020@tmp"/>
    <property name="WORKSPACE" value="C:\Jenkins\workspace\Cucum30Oct2020"/>
    <property name="ChocolateyInstall" value="C:\ProgramData\chocolatey"/>
    <property name="maven3.interceptor.common" value="C:\Jenkins\plugins\maven-plugin\WEB-INF\lib\maven3-interceptor-commons-1.13.jar"/>
    <property name="java.specification.version" value="1.8"/>
    <property name="PSModulePath" value="C:\WINDOWS\system32\WindowsPowerShell\v1.0\Modules\;C:\Program Files (x86)\AWS Tools\PowerShell\"/>
    <property name="DriverData" value="C:\Windows\System32\Drivers\DriverData"/>
    <property name="QT_USE_NATIVE_WINDOWS" value="1"/>
  </properties>
  <testcase classname="Sample" name="Sample product" time="7.495"/>
</testsuite>