<?xml version="1.0" encoding="UTF-8"?>
<!-- Generated by org.testng.reporters.JUnitReportReporter -->
<testsuite skipped="0" hostname="WIN-NFDCINOH1RK" name="demoSelenium.Demo" tests="1" failures="0" timestamp="2020-05-07T06:53:45 UTC" time="6.597" errors="0">
  <testcase name="f" time="6.597" classname="demoSelenium.Demo"/>
</testsuite> <!-- demoSelenium.Demo -->
